<?xml version="1.0" encoding="UTF-8"?>
<testsuite xmlns:xsi="http://www.w3.org/2001/XMLSchema-instance" xsi:noNamespaceSchemaLocation="https://maven.apache.org/surefire/maven-surefire-plugin/xsd/surefire-test-report-3.0.xsd" version="3.0" name="TestSuite" time="43.473" tests="3" errors="0" skipped="0" failures="0">
  <properties>
    <property name="java.specification.version" value="15"/>
    <property name="sun.jnu.encoding" value="UTF-8"/>
    <property name="java.class.path" value="/Users/kawsar/Documents/UiFramWork/target/test-classes:/Users/kawsar/Documents/UiFramWork/target/classes:/Users/kawsar/.m2/repository/org/seleniumhq/selenium/selenium-java/3.141.59/selenium-java-3.141.59.jar:/Users/kawsar/.m2/repository/org/seleniumhq/selenium/selenium-api/3.141.59/selenium-api-3.141.59.jar:/Users/kawsar/.m2/repository/org/seleniumhq/selenium/selenium-chrome-driver/3.141.59/selenium-chrome-driver-3.141.59.jar:/Users/kawsar/.m2/repository/org/seleniumhq/selenium/selenium-edge-driver/3.141.59/selenium-edge-driver-3.141.59.jar:/Users/kawsar/.m2/repository/org/seleniumhq/selenium/selenium-firefox-driver/3.141.59/selenium-firefox-driver-3.141.59.jar:/Users/kawsar/.m2/repository/org/seleniumhq/selenium/selenium-ie-driver/3.141.59/selenium-ie-driver-3.141.59.jar:/Users/kawsar/.m2/repository/org/seleniumhq/selenium/selenium-opera-driver/3.141.59/selenium-opera-driver-3.141.59.jar:/Users/kawsar/.m2/repository/org/seleniumhq/selenium/selenium-remote-driver/3.141.59/selenium-remote-driver-3.141.59.jar:/Users/kawsar/.m2/repository/org/seleniumhq/selenium/selenium-safari-driver/3.141.59/selenium-safari-driver-3.141.59.jar:/Users/kawsar/.m2/repository/org/seleniumhq/selenium/selenium-support/3.141.59/selenium-support-3.141.59.jar:/Users/kawsar/.m2/repository/net/bytebuddy/byte-buddy/1.8.15/byte-buddy-1.8.15.jar:/Users/kawsar/.m2/repository/org/apache/commons/commons-exec/1.3/commons-exec-1.3.jar:/Users/kawsar/.m2/repository/com/google/guava/guava/25.0-jre/guava-25.0-jre.jar:/Users/kawsar/.m2/repository/com/google/code/findbugs/jsr305/1.3.9/jsr305-1.3.9.jar:/Users/kawsar/.m2/repository/org/checkerframework/checker-compat-qual/2.0.0/checker-compat-qual-2.0.0.jar:/Users/kawsar/.m2/repository/com/google/errorprone/error_prone_annotations/2.1.3/error_prone_annotations-2.1.3.jar:/Users/kawsar/.m2/repository/com/google/j2objc/j2objc-annotations/1.1/j2objc-annotations-1.1.jar:/Users/kawsar/.m2/repository/org/codehaus/mojo/animal-sniffer-annotations/1.14/animal-sniffer-annotations-1.14.jar:/Users/kawsar/.m2/repository/com/squareup/okhttp3/okhttp/3.11.0/okhttp-3.11.0.jar:/Users/kawsar/.m2/repository/com/squareup/okio/okio/1.14.0/okio-1.14.0.jar:/Users/kawsar/.m2/repository/org/testng/testng/6.14.3/testng-6.14.3.jar:/Users/kawsar/.m2/repository/com/beust/jcommander/1.72/jcommander-1.72.jar:/Users/kawsar/.m2/repository/org/apache-extras/beanshell/bsh/2.0b6/bsh-2.0b6.jar:/Users/kawsar/.m2/repository/com/aventstack/extentreports/4.1.5/extentreports-4.1.5.jar:/Users/kawsar/.m2/repository/org/freemarker/freemarker/2.3.29/freemarker-2.3.29.jar:/Users/kawsar/.m2/repository/org/apache/httpcomponents/httpclient/4.5.2/httpclient-4.5.2.jar:/Users/kawsar/.m2/repository/org/apache/httpcomponents/httpcore/4.4.4/httpcore-4.4.4.jar:/Users/kawsar/.m2/repository/commons-logging/commons-logging/1.2/commons-logging-1.2.jar:/Users/kawsar/.m2/repository/org/apache/httpcomponents/httpmime/4.5.2/httpmime-4.5.2.jar:/Users/kawsar/.m2/repository/com/google/code/gson/gson/2.8.6/gson-2.8.6.jar:/Users/kawsar/.m2/repository/org/mongodb/mongodb-driver/3.12.0/mongodb-driver-3.12.0.jar:/Users/kawsar/.m2/repository/org/mongodb/mongodb-driver-core/3.12.0/mongodb-driver-core-3.12.0.jar:/Users/kawsar/.m2/repository/org/mongodb/bson/3.12.0/bson-3.12.0.jar:/Users/kawsar/.m2/repository/com/relevantcodes/extentreports/2.41.2/extentreports-2.41.2.jar:/Users/kawsar/.m2/repository/org/jsoup/jsoup/1.8.3/jsoup-1.8.3.jar:/Users/kawsar/.m2/repository/org/xerial/sqlite-jdbc/3.8.11.1/sqlite-jdbc-3.8.11.1.jar:/Users/kawsar/.m2/repository/org/apache/poi/poi/4.1.0/poi-4.1.0.jar:/Users/kawsar/.m2/repository/commons-codec/commons-codec/1.12/commons-codec-1.12.jar:/Users/kawsar/.m2/repository/org/apache/commons/commons-collections4/4.3/commons-collections4-4.3.jar:/Users/kawsar/.m2/repository/org/apache/commons/commons-math3/3.6.1/commons-math3-3.6.1.jar:/Users/kawsar/.m2/repository/org/apache/poi/poi-ooxml/4.1.2/poi-ooxml-4.1.2.jar:/Users/kawsar/.m2/repository/org/apache/poi/poi-ooxml-schemas/4.1.2/poi-ooxml-schemas-4.1.2.jar:/Users/kawsar/.m2/repository/org/apache/xmlbeans/xmlbeans/3.1.0/xmlbeans-3.1.0.jar:/Users/kawsar/.m2/repository/org/apache/commons/commons-compress/1.19/commons-compress-1.19.jar:/Users/kawsar/.m2/repository/com/github/virtuald/curvesapi/1.06/curvesapi-1.06.jar:/Users/kawsar/.m2/repository/org/apache/logging/log4j/log4j-core/2.8.2/log4j-core-2.8.2.jar:/Users/kawsar/.m2/repository/org/apache/logging/log4j/log4j-api/2.8.2/log4j-api-2.8.2.jar:/Users/kawsar/.m2/repository/commons-io/commons-io/2.6/commons-io-2.6.jar:"/>
    <property name="java.vm.vendor" value="Oracle Corporation"/>
    <property name="sun.arch.data.model" value="64"/>
    <property name="java.vendor.url" value="https://openjdk.java.net/"/>
    <property name="user.timezone" value="America/New_York"/>
    <property name="os.name" value="Mac OS X"/>
    <property name="java.vm.specification.version" value="15"/>
    <property name="sun.java.launcher" value="SUN_STANDARD"/>
    <property name="user.country" value="US"/>
    <property name="sun.boot.library.path" value="/usr/local/Cellar/openjdk/15.0.1/libexec/openjdk.jdk/Contents/Home/lib"/>
    <property name="sun.java.command" value="/Users/kawsar/Documents/UiFramWork/target/surefire/surefirebooter6048237051045307824.jar /Users/kawsar/Documents/UiFramWork/target/surefire 2020-12-25T11-38-19_021-jvmRun1 surefire8668541001459905657tmp surefire_02368184620829505627tmp"/>
    <property name="http.nonProxyHosts" value="local|*.local|169.254/16|*.169.254/16"/>
    <property name="jdk.debug" value="release"/>
    <property name="surefire.test.class.path" value="/Users/kawsar/Documents/UiFramWork/target/test-classes:/Users/kawsar/Documents/UiFramWork/target/classes:/Users/kawsar/.m2/repository/org/seleniumhq/selenium/selenium-java/3.141.59/selenium-java-3.141.59.jar:/Users/kawsar/.m2/repository/org/seleniumhq/selenium/selenium-api/3.141.59/selenium-api-3.141.59.jar:/Users/kawsar/.m2/repository/org/seleniumhq/selenium/selenium-chrome-driver/3.141.59/selenium-chrome-driver-3.141.59.jar:/Users/kawsar/.m2/repository/org/seleniumhq/selenium/selenium-edge-driver/3.141.59/selenium-edge-driver-3.141.59.jar:/Users/kawsar/.m2/repository/org/seleniumhq/selenium/selenium-firefox-driver/3.141.59/selenium-firefox-driver-3.141.59.jar:/Users/kawsar/.m2/repository/org/seleniumhq/selenium/selenium-ie-driver/3.141.59/selenium-ie-driver-3.141.59.jar:/Users/kawsar/.m2/repository/org/seleniumhq/selenium/selenium-opera-driver/3.141.59/selenium-opera-driver-3.141.59.jar:/Users/kawsar/.m2/repository/org/seleniumhq/selenium/selenium-remote-driver/3.141.59/selenium-remote-driver-3.141.59.jar:/Users/kawsar/.m2/repository/org/seleniumhq/selenium/selenium-safari-driver/3.141.59/selenium-safari-driver-3.141.59.jar:/Users/kawsar/.m2/repository/org/seleniumhq/selenium/selenium-support/3.141.59/selenium-support-3.141.59.jar:/Users/kawsar/.m2/repository/net/bytebuddy/byte-buddy/1.8.15/byte-buddy-1.8.15.jar:/Users/kawsar/.m2/repository/org/apache/commons/commons-exec/1.3/commons-exec-1.3.jar:/Users/kawsar/.m2/repository/com/google/guava/guava/25.0-jre/guava-25.0-jre.jar:/Users/kawsar/.m2/repository/com/google/code/findbugs/jsr305/1.3.9/jsr305-1.3.9.jar:/Users/kawsar/.m2/repository/org/checkerframework/checker-compat-qual/2.0.0/checker-compat-qual-2.0.0.jar:/Users/kawsar/.m2/repository/com/google/errorprone/error_prone_annotations/2.1.3/error_prone_annotations-2.1.3.jar:/Users/kawsar/.m2/repository/com/google/j2objc/j2objc-annotations/1.1/j2objc-annotations-1.1.jar:/Users/kawsar/.m2/repository/org/codehaus/mojo/animal-sniffer-annotations/1.14/animal-sniffer-annotations-1.14.jar:/Users/kawsar/.m2/repository/com/squareup/okhttp3/okhttp/3.11.0/okhttp-3.11.0.jar:/Users/kawsar/.m2/repository/com/squareup/okio/okio/1.14.0/okio-1.14.0.jar:/Users/kawsar/.m2/repository/org/testng/testng/6.14.3/testng-6.14.3.jar:/Users/kawsar/.m2/repository/com/beust/jcommander/1.72/jcommander-1.72.jar:/Users/kawsar/.m2/repository/org/apache-extras/beanshell/bsh/2.0b6/bsh-2.0b6.jar:/Users/kawsar/.m2/repository/com/aventstack/extentreports/4.1.5/extentreports-4.1.5.jar:/Users/kawsar/.m2/repository/org/freemarker/freemarker/2.3.29/freemarker-2.3.29.jar:/Users/kawsar/.m2/repository/org/apache/httpcomponents/httpclient/4.5.2/httpclient-4.5.2.jar:/Users/kawsar/.m2/repository/org/apache/httpcomponents/httpcore/4.4.4/httpcore-4.4.4.jar:/Users/kawsar/.m2/repository/commons-logging/commons-logging/1.2/commons-logging-1.2.jar:/Users/kawsar/.m2/repository/org/apache/httpcomponents/httpmime/4.5.2/httpmime-4.5.2.jar:/Users/kawsar/.m2/repository/com/google/code/gson/gson/2.8.6/gson-2.8.6.jar:/Users/kawsar/.m2/repository/org/mongodb/mongodb-driver/3.12.0/mongodb-driver-3.12.0.jar:/Users/kawsar/.m2/repository/org/mongodb/mongodb-driver-core/3.12.0/mongodb-driver-core-3.12.0.jar:/Users/kawsar/.m2/repository/org/mongodb/bson/3.12.0/bson-3.12.0.jar:/Users/kawsar/.m2/repository/com/relevantcodes/extentreports/2.41.2/extentreports-2.41.2.jar:/Users/kawsar/.m2/repository/org/jsoup/jsoup/1.8.3/jsoup-1.8.3.jar:/Users/kawsar/.m2/repository/org/xerial/sqlite-jdbc/3.8.11.1/sqlite-jdbc-3.8.11.1.jar:/Users/kawsar/.m2/repository/org/apache/poi/poi/4.1.0/poi-4.1.0.jar:/Users/kawsar/.m2/repository/commons-codec/commons-codec/1.12/commons-codec-1.12.jar:/Users/kawsar/.m2/repository/org/apache/commons/commons-collections4/4.3/commons-collections4-4.3.jar:/Users/kawsar/.m2/repository/org/apache/commons/commons-math3/3.6.1/commons-math3-3.6.1.jar:/Users/kawsar/.m2/repository/org/apache/poi/poi-ooxml/4.1.2/poi-ooxml-4.1.2.jar:/Users/kawsar/.m2/repository/org/apache/poi/poi-ooxml-schemas/4.1.2/poi-ooxml-schemas-4.1.2.jar:/Users/kawsar/.m2/repository/org/apache/xmlbeans/xmlbeans/3.1.0/xmlbeans-3.1.0.jar:/Users/kawsar/.m2/repository/org/apache/commons/commons-compress/1.19/commons-compress-1.19.jar:/Users/kawsar/.m2/repository/com/github/virtuald/curvesapi/1.06/curvesapi-1.06.jar:/Users/kawsar/.m2/repository/org/apache/logging/log4j/log4j-core/2.8.2/log4j-core-2.8.2.jar:/Users/kawsar/.m2/repository/org/apache/logging/log4j/log4j-api/2.8.2/log4j-api-2.8.2.jar:/Users/kawsar/.m2/repository/commons-io/commons-io/2.6/commons-io-2.6.jar:"/>
    <property name="sun.cpu.endian" value="little"/>
    <property name="user.home" value="/Users/kawsar"/>
    <property name="user.language" value="en"/>
    <property name="java.specification.vendor" value="Oracle Corporation"/>
    <property name="java.version.date" value="2020-10-20"/>
    <property name="java.home" value="/usr/local/Cellar/openjdk/15.0.1/libexec/openjdk.jdk/Contents/Home"/>
    <property name="file.separator" value="/"/>
    <property name="basedir" value="/Users/kawsar/Documents/UiFramWork"/>
    <property name="java.vm.compressedOopsMode" value="Zero based"/>
    <property name="line.separator" value="&#10;"/>
    <property name="java.vm.specification.vendor" value="Oracle Corporation"/>
    <property name="java.specification.name" value="Java Platform API Specification"/>
    <property name="surefire.real.class.path" value="/Users/kawsar/Documents/UiFramWork/target/surefire/surefirebooter6048237051045307824.jar"/>
    <property name="sun.management.compiler" value="HotSpot 64-Bit Tiered Compilers"/>
    <property name="ftp.nonProxyHosts" value="local|*.local|169.254/16|*.169.254/16"/>
    <property name="java.runtime.version" value="15.0.1+9"/>
    <property name="user.name" value="kawsar"/>
    <property name="path.separator" value=":"/>
    <property name="os.version" value="11.0.1"/>
    <property name="java.runtime.name" value="OpenJDK Runtime Environment"/>
    <property name="file.encoding" value="UTF-8"/>
    <property name="browser" value="firefox"/>
    <property name="java.vm.name" value="OpenJDK 64-Bit Server VM"/>
    <property name="localRepository" value="/Users/kawsar/.m2/repository"/>
    <property name="java.vendor.url.bug" value="https://bugreport.java.com/bugreport/"/>
    <property name="java.io.tmpdir" value="/var/folders/xw/k2twg13j63xdpd79g8rxrj580000gn/T/"/>
    <property name="java.version" value="15.0.1"/>
    <property name="user.dir" value="/Users/kawsar/Documents/UiFramWork"/>
    <property name="os.arch" value="x86_64"/>
    <property name="webdriver.gecko.driver" value="src/main/resources/geckodriver"/>
    <property name="java.vm.specification.name" value="Java Virtual Machine Specification"/>
    <property name="java.library.path" value="/Users/kawsar/Library/Java/Extensions:/Library/Java/Extensions:/Network/Library/Java/Extensions:/System/Library/Java/Extensions:/usr/lib/java:."/>
    <property name="java.vm.info" value="mixed mode, sharing"/>
    <property name="java.vendor" value="N/A"/>
    <property name="java.vm.version" value="15.0.1+9"/>
    <property name="sun.io.unicode.encoding" value="UnicodeBig"/>
    <property name="socksNonProxyHosts" value="local|*.local|169.254/16|*.169.254/16"/>
    <property name="java.class.version" value="59.0"/>
  </properties>
  <testcase name="testLandingPage" classname="qa.click.academy.tests.LandingPageTest" time="2.324">
    <system-err><![CDATA[1608914302057	geckodriver	INFO	Listening on 127.0.0.1:2935
1608914302441	mozrunner::runner	INFO	Running command: "/Applications/Firefox.app/Contents/MacOS/firefox-bin" "--marionette" "-foreground" "-no-remote" "-profile" "/var/folders/xw/k2twg13j63xdpd79g8rxrj580000gn/T/rust_mozprofilegLnGFO"
console.warn: SearchSettings: "get: No settings file exists, new profile?" (new Error("", "(unknown module)"))
1608914307611	Marionette	INFO	Listening on port 57494
1608914307661	Marionette	WARN	TLS certificate errors will be ignored for this session
Dec 25, 2020 11:38:27 AM org.openqa.selenium.remote.ProtocolHandshake createSession
INFO: Detected dialect: W3C
]]></system-err>
  </testcase>
  <testcase name="testLoginPae[nonretricteduser.com, 12345, restricted user](1)" classname="qa.click.academy.tests.LoginPageTest" time="3.131">
    <system-err><![CDATA[1608914316072	Marionette	INFO	Stopped listening on port 57494

###!!! [Parent][MessageChannel] Error: (msgtype=0x1F0011,name=PBackgroundStorage::Msg_Observe) Channel error: cannot send/recv


###!!! [Parent][MessageChannel] Error: (msgtype=0x1F0011,name=PBackgroundStorage::Msg_Observe) Channel error: cannot send/recv


###!!! [Parent][RunMessage] Error: Channel closing: too late to send/recv, messages will be lost

1608914318802	geckodriver	INFO	Listening on 127.0.0.1:8335
1608914318833	mozrunner::runner	INFO	Running command: "/Applications/Firefox.app/Contents/MacOS/firefox-bin" "--marionette" "-foreground" "-no-remote" "-profile" "/var/folders/xw/k2twg13j63xdpd79g8rxrj580000gn/T/rust_mozprofile73Fxfi"
console.warn: SearchSettings: "get: No settings file exists, new profile?" (new Error("", "(unknown module)"))
1608914322522	Marionette	INFO	Listening on port 57740
1608914322600	Marionette	WARN	TLS certificate errors will be ignored for this session
Dec 25, 2020 11:38:42 AM org.openqa.selenium.remote.ProtocolHandshake createSession
INFO: Detected dialect: W3C
]]></system-err>
  </testcase>
  <testcase name="testLoginPae[restructeduser.com, 67890, nonresytricte user](2)" classname="qa.click.academy.tests.LoginPageTest" time="3.019">
    <system-err><![CDATA[1608914330505	Marionette	INFO	Stopped listening on port 57740

###!!! [Parent][RunMessage] Error: Channel closing: too late to send/recv, messages will be lost

1608914331296	geckodriver	INFO	Listening on 127.0.0.1:29788
1608914331309	mozrunner::runner	INFO	Running command: "/Applications/Firefox.app/Contents/MacOS/firefox-bin" "--marionette" "-foreground" "-no-remote" "-profile" "/var/folders/xw/k2twg13j63xdpd79g8rxrj580000gn/T/rust_mozprofile6k7ImG"
console.warn: SearchSettings: "get: No settings file exists, new profile?" (new Error("", "(unknown module)"))
1608914334692	Marionette	INFO	Listening on port 58005
1608914334752	Marionette	WARN	TLS certificate errors will be ignored for this session
Dec 25, 2020 11:38:54 AM org.openqa.selenium.remote.ProtocolHandshake createSession
INFO: Detected dialect: W3C
]]></system-err>
  </testcase>
</testsuite>