<?xml version="1.0" encoding="UTF-8"?>
<!-- Generated by org.testng.reporters.JUnitReportReporter -->
<testsuite hostname="Kawsars-MBP" failures="0" tests="2" name="pages.ActionDemo" time="14.039" errors="0" timestamp="08 Dec 2020 12:05:37 GMT" skipped="0">
  <testcase classname="pages.ActionDemo" name="mouseHover" time="4.269"/>
  <testcase classname="pages.ActionDemo" name="writeInCaps" time="9.770"/>
</testsuite> <!-- pages.ActionDemo -->
