<?xml version="1.0" encoding="UTF-8"?>
<!-- Generated by org.testng.reporters.JUnitReportReporter -->
<testsuite hostname="Kawsars-MacBook-Pro.local" failures="0" tests="2" name="qa.click.academy.tests.LoginPageTest" time="24.634" errors="0" timestamp="25 Dec 2020 16:39:03 GMT" skipped="0">
  <testcase classname="qa.click.academy.tests.LoginPageTest" name="testLoginPae" time="12.362"/>
  <testcase classname="qa.click.academy.tests.LoginPageTest" name="testLoginPae" time="12.272"/>
</testsuite> <!-- qa.click.academy.tests.LoginPageTest -->
