<?xml version="1.0" encoding="UTF-8"?>
<!-- Generated by org.testng.reporters.JUnitReportReporter -->
<testsuite hostname="Kawsars-MBP" failures="0" tests="2" name="pages.ActionDemo" time="16.910" errors="0" timestamp="11 Dec 2020 02:42:43 GMT" skipped="0">
  <testcase classname="pages.ActionDemo" name="mouseHover" time="9.431"/>
  <testcase classname="pages.ActionDemo" name="writeInCaps" time="7.479"/>
</testsuite> <!-- pages.ActionDemo -->
