<?xml version="1.0" encoding="UTF-8"?>
<!-- Generated by org.testng.reporters.JUnitReportReporter -->
<testsuite hostname="Kawsars-MBP" failures="0" tests="1" name="basic.selenium.E2ETest" time="20.885" errors="0" timestamp="08 Dec 2020 06:50:42 GMT" skipped="0">
  <testcase classname="basic.selenium.E2ETest" name="EndToEnd" time="20.885"/>
</testsuite> <!-- basic.selenium.E2ETest -->
