<?xml version="1.0" encoding="UTF-8"?>
<!-- Generated by org.testng.reporters.JUnitReportReporter -->
<testsuite hostname="Kawsars-MacBook-Pro.local" failures="0" tests="1" name="qa.click.academy.tests.LandingPageTest" time="16.486" errors="0" timestamp="25 Dec 2020 16:39:03 GMT" skipped="0">
  <testcase classname="qa.click.academy.tests.LandingPageTest" name="testLandingPage" time="16.486"/>
</testsuite> <!-- qa.click.academy.tests.LandingPageTest -->
