<?xml version="1.0" encoding="UTF-8"?>
<!-- Generated by org.testng.reporters.JUnitReportReporter -->
<testsuite hostname="Kawsars-MBP" failures="0" tests="2" name="qa.click.academy.tests.LoginPageTest" time="31.512" errors="0" timestamp="18 Dec 2020 03:47:19 GMT" skipped="0">
  <testcase classname="qa.click.academy.tests.LoginPageTest" name="testLoginPae" time="15.148"/>
  <testcase classname="qa.click.academy.tests.LoginPageTest" name="testLoginPae" time="16.364"/>
</testsuite> <!-- qa.click.academy.tests.LoginPageTest -->
