<?xml version="1.0" encoding="UTF-8"?>
<!-- Generated by org.testng.reporters.JUnitReportReporter -->
<testsuite hostname="Kawsars-MBP" failures="0" tests="1" name="basic.selenium.HandleJavaScriptAlertTest" time="11.808" errors="0" timestamp="08 Dec 2020 07:00:59 GMT" skipped="0">
  <testcase classname="basic.selenium.HandleJavaScriptAlertTest" name="EndToEnd" time="11.808"/>
</testsuite> <!-- basic.selenium.HandleJavaScriptAlertTest -->
