<?xml version="1.0" encoding="UTF-8"?>
<!-- Generated by org.testng.reporters.JUnitReportReporter -->
<testsuite hostname="Kawsars-MBP" failures="0" tests="1" name="qa.click.academy.tests.LandingPageTest" time="18.280" errors="0" timestamp="18 Dec 2020 03:47:19 GMT" skipped="0">
  <testcase classname="qa.click.academy.tests.LandingPageTest" name="testLandingPage" time="18.280"/>
</testsuite> <!-- qa.click.academy.tests.LandingPageTest -->
