<?xml version="1.0" encoding="UTF-8"?>
<!-- Generated by org.testng.reporters.JUnitReportReporter -->
<testsuite hostname="Kawsars-MBP" failures="0" tests="1" name="basic.selenium.E2ETestTest" time="19.030" errors="0" timestamp="08 Dec 2020 07:00:59 GMT" skipped="0">
  <testcase classname="basic.selenium.E2ETestTest" name="EndToEnd" time="19.030"/>
</testsuite> <!-- basic.selenium.E2ETestTest -->
