<?xml version="1.0" encoding="UTF-8"?>
<!-- Generated by org.testng.reporters.JUnitReportReporter -->
<testsuite hostname="Kawsars-MacBook-Pro.local" failures="0" tests="2" name="qa.click.academy.tests.LoginPageTest" time="25.005" errors="0" timestamp="25 Dec 2020 17:30:35 GMT" skipped="0">
  <testcase classname="qa.click.academy.tests.LoginPageTest" name="testLoginPae" time="10.800"/>
  <testcase classname="qa.click.academy.tests.LoginPageTest" name="testLoginPae" time="14.205"/>
</testsuite> <!-- qa.click.academy.tests.LoginPageTest -->
