<?xml version="1.0" encoding="UTF-8"?>
<!-- Generated by org.testng.reporters.JUnitReportReporter -->
<testsuite hostname="Kawsars-MBP" failures="0" tests="1" name="basic.selenium.LinksTest" time="15.466" errors="0" timestamp="08 Dec 2020 07:00:59 GMT" skipped="0">
  <testcase classname="basic.selenium.LinksTest" name="testScope" time="15.466"/>
</testsuite> <!-- basic.selenium.LinksTest -->
