<?xml version="1.0" encoding="UTF-8"?>
<!-- Generated by org.testng.reporters.JUnitReportReporter -->
<testsuite hostname="Kawsars-MBP" failures="0" tests="1" name="basic.selenium.AutoSuggestionDropdownTest" time="8.778" errors="0" timestamp="08 Dec 2020 07:00:59 GMT" skipped="0">
  <testcase classname="basic.selenium.AutoSuggestionDropdownTest" name="testAutoSuggestionDropdown" time="8.778"/>
</testsuite> <!-- basic.selenium.AutoSuggestionDropdownTest -->
